[INFO] Scanning for projects...
[INFO] 
[INFO] ------------------------------------------------------------------------
[INFO] Building pro.taskana:taskana-core 1.2.3-SNAPSHOT
[INFO] ------------------------------------------------------------------------
[INFO] 
[INFO] --- maven-clean-plugin:2.5:clean (default-clean) @ taskana-core ---
[INFO] Deleting C:\intellijProjects\lib\taskana-core\target
[INFO] 
[INFO] --- maven-resources-plugin:2.6:resources (default-resources) @ taskana-core ---
[INFO] Using 'UTF-8' encoding to copy filtered resources.
[INFO] Copying 18 resources
[INFO] 
[INFO] --- maven-compiler-plugin:3.8.1:compile (default-compile) @ taskana-core ---
[INFO] Changes detected - recompiling the module!
[INFO] Compiling 166 source files to C:\intellijProjects\lib\taskana-core\target\classes
[INFO] 
[INFO] --- maven-checkstyle-plugin:3.1.0:check (default) @ taskana-core ---
[INFO] Starting audit...
Audit done.
[INFO] 
[INFO] --- maven-resources-plugin:2.6:testResources (default-testResources) @ taskana-core ---
[INFO] Using 'UTF-8' encoding to copy filtered resources.
[INFO] Copying 3 resources
[INFO] 
[INFO] --- maven-compiler-plugin:3.8.1:testCompile (default-testCompile) @ taskana-core ---
[INFO] Changes detected - recompiling the module!
[INFO] Compiling 98 source files to C:\intellijProjects\lib\taskana-core\target\test-classes
[INFO] 
[INFO] --- maven-surefire-plugin:3.0.0-M4:test (default-test) @ taskana-core ---
[INFO] 
[INFO] -------------------------------------------------------
[INFO]  T E S T S
[INFO] -------------------------------------------------------
[INFO] Running acceptance.classification.CreateClassificationAccTest
11:09:08.166 [main] INFO  pro.taskana.history.internal.HistoryEventProducer - No history provider found. Running without history.
11:09:08.173 [main] INFO  pro.taskana.task.internal.TaskRoutingManager - Registered TaskRouter provider: acceptance.taskrouting.TestTaskRoutingProviderForDomainA
11:09:08.174 [main] INFO  pro.taskana.task.internal.TaskRoutingManager - Registered TaskRouter provider: acceptance.taskrouting.TestTaskRoutingProviderForDomainB
11:09:08.488 [main] WARN  pro.taskana.classification.internal.ClassificationServiceImpl - Method createClassification: Classification does already exist in master domain. Classification ClassificationImpl [id=CLI:837fbdd6-f2c1-46b6-b780-291a5c5009c6, key=Key0815, parentId=, parentKey=, category=null, type=TASK, domain=, isValidInDomain=false, created=2020-01-31T10:09:08.486Z, modified=2020-01-31T10:09:08.486Z, name=null, description=null, priority=0, serviceLevel=null, applicationEntryPoint=null, custom1=null, custom2=null, custom3=null, custom4=null, custom5=null, custom6=null, custom7=null, custom8=null].
[INFO] Tests run: 12, Failures: 0, Errors: 0, Skipped: 0, Time elapsed: 0.981 s - in acceptance.classification.CreateClassificationAccTest
[INFO] Running acceptance.classification.DeleteClassificationAccTest
[INFO] Tests run: 9, Failures: 0, Errors: 0, Skipped: 0, Time elapsed: 0.284 s - in acceptance.classification.DeleteClassificationAccTest
[INFO] Running acceptance.classification.GetClassificationAccTest
[INFO] Tests run: 10, Failures: 0, Errors: 0, Skipped: 0, Time elapsed: 0.174 s - in acceptance.classification.GetClassificationAccTest
[INFO] Running acceptance.classification.QueryClassificationAccTest
[INFO] Tests run: 53, Failures: 0, Errors: 0, Skipped: 0, Time elapsed: 0.289 s - in acceptance.classification.QueryClassificationAccTest
[INFO] Running acceptance.classification.QueryClassificationWithPaginationAccTest
[INFO] Tests run: 6, Failures: 0, Errors: 0, Skipped: 0, Time elapsed: 0.194 s - in acceptance.classification.QueryClassificationWithPaginationAccTest
[INFO] Running acceptance.classification.UpdateClassificationAccTest
11:09:09.666 [main] INFO  pro.taskana.task.internal.TaskServiceImpl - entry to runJobs()
11:09:09.673 [main] INFO  pro.taskana.common.internal.jobs.ClassificationChangedJob - Running ClassificationChangedJob for classification (CLI:100000000000000000000000000000000003)
11:09:09.732 [main] INFO  pro.taskana.common.internal.jobs.ClassificationChangedJob - ClassificationChangedJob ended successfully.
11:09:09.733 [main] INFO  pro.taskana.task.internal.TaskServiceImpl - exit from runJobs().
11:09:09.743 [main] INFO  pro.taskana.task.internal.TaskServiceImpl - entry to runJobs()
11:09:09.748 [main] INFO  pro.taskana.common.internal.jobs.TaskRefreshJob - Running TaskRefreshJob for 43 tasks
11:09:09.860 [main] INFO  pro.taskana.common.internal.jobs.TaskRefreshJob - TaskRefreshJob ended successfully.
11:09:09.861 [main] INFO  pro.taskana.task.internal.TaskServiceImpl - exit from runJobs().
[INFO] Tests run: 9, Failures: 0, Errors: 0, Skipped: 0, Time elapsed: 0.632 s - in acceptance.classification.UpdateClassificationAccTest
[INFO] Running acceptance.config.TaskanaConfigAccTest
11:09:10.362 [main] WARN  pro.taskana.TaskanaEngineConfiguration - Configuration issue. Classification type is missing
about to delete C:\Users\BBR/dummyTestConfig.properties
11:09:10.808 [main] WARN  pro.taskana.TaskanaEngineConfiguration - Configuration issue. Classification categories by type is missing
11:09:10.808 [main] WARN  pro.taskana.TaskanaEngineConfiguration - Configuration issue. Classification categories by type is missing
about to delete C:\Users\BBR/dummyTestConfig.properties
about to delete C:\Users\BBR/dummyTestConfig.properties
[INFO] Tests run: 6, Failures: 0, Errors: 0, Skipped: 0, Time elapsed: 1.358 s - in acceptance.config.TaskanaConfigAccTest
[INFO] Running acceptance.config.TaskanaRoleConfigAccTest
11:09:11.589 [main] WARN  pro.taskana.TaskanaEngineConfiguration - Configuration issue. Classification type is missing
11:09:11.589 [main] WARN  pro.taskana.TaskanaEngineConfiguration - Configuration issue. Classification categories by type is missing
11:09:11.590 [main] WARN  pro.taskana.TaskanaEngineConfiguration - Configuration issue. Classification categories by type is missing
about to delete C:\Users\BBR/dummyTestConfig.properties
11:09:11.927 [main] WARN  pro.taskana.TaskanaEngineConfiguration - Configuration issue. Classification type is missing
11:09:11.927 [main] WARN  pro.taskana.TaskanaEngineConfiguration - Configuration issue. Classification categories by type is missing
11:09:11.927 [main] WARN  pro.taskana.TaskanaEngineConfiguration - Configuration issue. Classification categories by type is missing
about to delete C:\Users\BBR/dummyTestConfig.properties
[INFO] Tests run: 3, Failures: 0, Errors: 0, Skipped: 0, Time elapsed: 0.699 s - in acceptance.config.TaskanaRoleConfigAccTest
[INFO] Running acceptance.history.TaskEventProducerTest
[INFO] Tests run: 1, Failures: 0, Errors: 0, Skipped: 0, Time elapsed: 0.09 s - in acceptance.history.TaskEventProducerTest
[INFO] Running acceptance.jobs.TaskCleanupJobAccTest
11:09:12.451 [main] INFO  pro.taskana.common.internal.jobs.TaskCleanupJob - Running job to delete all tasks completed before (2020-01-17T10:09:12.451Z)
11:09:12.458 [main] WARN  pro.taskana.common.internal.jobs.TaskCleanupJob - Task with id TKI:000000000000000000000000000000000006 could not be deleted. Reason: pro.taskana.common.api.exceptions.InvalidStateException: TKI:000000000000000000000000000000000006
11:09:12.458 [main] INFO  pro.taskana.common.internal.jobs.TaskCleanupJob - Job ended successfully. 5 tasks deleted.
11:09:12.459 [main] INFO  pro.taskana.common.internal.jobs.TaskCleanupJob - Scheduling next run of the TaskCleanupJob for 2020-02-01T08:00:00Z
11:09:12.562 [main] INFO  pro.taskana.common.internal.jobs.TaskCleanupJob - Running job to delete all tasks completed before (2020-01-17T10:09:12.562Z)
11:09:12.578 [main] INFO  pro.taskana.common.internal.jobs.TaskCleanupJob - Job ended successfully. 6 tasks deleted.
11:09:12.578 [main] INFO  pro.taskana.common.internal.jobs.TaskCleanupJob - Scheduling next run of the TaskCleanupJob for 2020-02-01T08:00:00Z
11:09:12.701 [main] INFO  pro.taskana.common.internal.jobs.TaskCleanupJob - Running job to delete all tasks completed before (2020-01-17T10:09:12.701Z)
11:09:12.717 [main] INFO  pro.taskana.common.internal.jobs.TaskCleanupJob - Job ended successfully. 6 tasks deleted.
11:09:12.717 [main] INFO  pro.taskana.common.internal.jobs.TaskCleanupJob - Scheduling next run of the TaskCleanupJob for 2020-02-01T08:00:00Z
[INFO] Tests run: 3, Failures: 0, Errors: 0, Skipped: 0, Time elapsed: 0.434 s - in acceptance.jobs.TaskCleanupJobAccTest
[INFO] Running acceptance.jobs.WorkbasketCleanupJobAccTest
11:09:12.822 [main] INFO  pro.taskana.common.internal.jobs.TaskCleanupJob - Running job to delete all tasks completed before (2020-01-17T10:09:12.822Z)
11:09:12.835 [main] INFO  pro.taskana.common.internal.jobs.TaskCleanupJob - Job ended successfully. 6 tasks deleted.
11:09:12.836 [main] INFO  pro.taskana.common.internal.jobs.TaskCleanupJob - Scheduling next run of the TaskCleanupJob for 2020-02-01T08:00:00Z
11:09:12.838 [main] INFO  pro.taskana.common.internal.jobs.WorkbasketCleanupJob - Running job to delete all workbaskets marked for deletion
11:09:12.842 [main] INFO  pro.taskana.common.internal.jobs.WorkbasketCleanupJob - Job ended successfully. 1 workbaskets deleted.
11:09:12.842 [main] INFO  pro.taskana.common.internal.jobs.WorkbasketCleanupJob - Scheduling next run of the WorkbasketCleanupJob for 2020-02-01T08:00:00Z
11:09:12.979 [main] INFO  pro.taskana.common.internal.jobs.WorkbasketCleanupJob - Running job to delete all workbaskets marked for deletion
11:09:12.982 [main] WARN  pro.taskana.common.internal.jobs.WorkbasketCleanupJob - Workbasket with id WBI:100000000000000000000000000000000004 could not be deleted. Reason: pro.taskana.workbasket.api.exceptions.WorkbasketInUseException: Workbasket with id WBI:100000000000000000000000000000000004 contains completed tasks not deleted and will not be deleted.
11:09:12.982 [main] INFO  pro.taskana.common.internal.jobs.WorkbasketCleanupJob - Job ended successfully. 0 workbaskets deleted.
11:09:12.983 [main] INFO  pro.taskana.common.internal.jobs.WorkbasketCleanupJob - Scheduling next run of the WorkbasketCleanupJob for 2020-02-01T08:00:00Z
[INFO] Tests run: 2, Failures: 0, Errors: 0, Skipped: 0, Time elapsed: 0.39 s - in acceptance.jobs.WorkbasketCleanupJobAccTest
[INFO] Running acceptance.objectreference.QueryObjectReferenceAccTest
[INFO] Tests run: 6, Failures: 0, Errors: 0, Skipped: 0, Time elapsed: 0.092 s - in acceptance.objectreference.QueryObjectReferenceAccTest
[INFO] Running acceptance.objectreference.QueryObjectreferencesWithPaginationAccTest
[INFO] Tests run: 6, Failures: 0, Errors: 0, Skipped: 0, Time elapsed: 0.085 s - in acceptance.objectreference.QueryObjectreferencesWithPaginationAccTest
[INFO] Running acceptance.persistence.UpdateObjectsUseUtcTimeStampsAccTest
[INFO] Tests run: 7, Failures: 0, Errors: 0, Skipped: 0, Time elapsed: 0.167 s - in acceptance.persistence.UpdateObjectsUseUtcTimeStampsAccTest
[INFO] Running acceptance.report.GetCustomAttributeValuesForReportAccTest
[INFO] Tests run: 5, Failures: 0, Errors: 0, Skipped: 0, Time elapsed: 0.088 s - in acceptance.report.GetCustomAttributeValuesForReportAccTest
[INFO] Running acceptance.report.GetTaskIdsOfCategoryReportAccTest
[INFO] Tests run: 8, Failures: 0, Errors: 0, Skipped: 0, Time elapsed: 0.08 s - in acceptance.report.GetTaskIdsOfCategoryReportAccTest
[INFO] Running acceptance.report.GetTaskIdsOfClassificationReportAccTest
[INFO] Tests run: 4, Failures: 0, Errors: 0, Skipped: 0, Time elapsed: 0.071 s - in acceptance.report.GetTaskIdsOfClassificationReportAccTest
[INFO] Running acceptance.report.GetTaskIdsOfCustomFieldValueReportAccTest
[INFO] Tests run: 8, Failures: 0, Errors: 0, Skipped: 0, Time elapsed: 0.071 s - in acceptance.report.GetTaskIdsOfCustomFieldValueReportAccTest
[INFO] Running acceptance.report.GetTaskIdsOfWorkbasketReportAccTest
[INFO] Tests run: 3, Failures: 0, Errors: 0, Skipped: 0, Time elapsed: 0.078 s - in acceptance.report.GetTaskIdsOfWorkbasketReportAccTest
[INFO] Running acceptance.report.ProvideCategoryReportAccTest
[INFO] Tests run: 10, Failures: 0, Errors: 0, Skipped: 0, Time elapsed: 0.081 s - in acceptance.report.ProvideCategoryReportAccTest
[INFO] Running acceptance.report.ProvideClassificationReportAccTest
[INFO] Tests run: 10, Failures: 0, Errors: 0, Skipped: 0, Time elapsed: 0.086 s - in acceptance.report.ProvideClassificationReportAccTest
[INFO] Running acceptance.report.ProvideCustomFieldValueReportAccTest
[INFO] Tests run: 11, Failures: 0, Errors: 0, Skipped: 0, Time elapsed: 0.07 s - in acceptance.report.ProvideCustomFieldValueReportAccTest
[INFO] Running acceptance.report.ProvideDetailedClassificationReportAccTest
[INFO] Tests run: 10, Failures: 0, Errors: 0, Skipped: 0, Time elapsed: 0.08 s - in acceptance.report.ProvideDetailedClassificationReportAccTest
[INFO] Running acceptance.report.ProvideTaskStatusReportAccTest
[INFO] Tests run: 5, Failures: 0, Errors: 0, Skipped: 0, Time elapsed: 0.083 s - in acceptance.report.ProvideTaskStatusReportAccTest
[INFO] Running acceptance.report.ProvideTimestampReportAccTest
[INFO] Tests run: 1, Failures: 0, Errors: 0, Skipped: 0, Time elapsed: 0.064 s - in acceptance.report.ProvideTimestampReportAccTest
[INFO] Running acceptance.report.ProvideWorkbasketReportAccTest
[INFO] Tests run: 12, Failures: 0, Errors: 0, Skipped: 0, Time elapsed: 0.085 s - in acceptance.report.ProvideWorkbasketReportAccTest
[INFO] Running acceptance.security.ClassificationQueryAccTest
[INFO] Tests run: 3, Failures: 0, Errors: 0, Skipped: 0, Time elapsed: 0.061 s - in acceptance.security.ClassificationQueryAccTest
[INFO] Running acceptance.security.TaskEngineAccTest
[INFO] Tests run: 5, Failures: 0, Errors: 0, Skipped: 0, Time elapsed: 0.061 s - in acceptance.security.TaskEngineAccTest
[INFO] Running acceptance.security.TaskQueryAccTest
[INFO] Tests run: 4, Failures: 0, Errors: 0, Skipped: 0, Time elapsed: 0.116 s - in acceptance.security.TaskQueryAccTest
[INFO] Running acceptance.security.WorkbasketQueryAccTest
[INFO] Tests run: 4, Failures: 0, Errors: 0, Skipped: 0, Time elapsed: 0.119 s - in acceptance.security.WorkbasketQueryAccTest
[INFO] Running acceptance.task.CallbackStateAccTest
[ERROR] Tests run: 8, Failures: 1, Errors: 0, Skipped: 0, Time elapsed: 0.225 s <<< FAILURE! - in acceptance.task.CallbackStateAccTest
[ERROR] acceptance.task.CallbackStateAccTest.testUpdateOfCallbackState  Time elapsed: 0.013 s  <<< FAILURE!
org.opentest4j.AssertionFailedError: expected: <pro.taskana.exceptions.InvalidStateException> but was: <pro.taskana.common.api.exceptions.InvalidStateException>
	at acceptance.task.CallbackStateAccTest.testUpdateOfCallbackState(CallbackStateAccTest.java:148)

[INFO] Running acceptance.task.CompleteTaskAccTest
[INFO] Tests run: 14, Failures: 0, Errors: 0, Skipped: 0, Time elapsed: 0.112 s - in acceptance.task.CompleteTaskAccTest
[INFO] Running acceptance.task.CreateTaskAccTest
[INFO] Tests run: 23, Failures: 0, Errors: 0, Skipped: 0, Time elapsed: 0.14 s - in acceptance.task.CreateTaskAccTest
[INFO] Running acceptance.task.DeleteTaskAccTest
[INFO] Tests run: 6, Failures: 0, Errors: 0, Skipped: 0, Time elapsed: 0.069 s - in acceptance.task.DeleteTaskAccTest
[INFO] Running acceptance.task.GetTaskAccTest
[INFO] Tests run: 2, Failures: 0, Errors: 0, Skipped: 0, Time elapsed: 0.084 s - in acceptance.task.GetTaskAccTest
[INFO] Running acceptance.task.QueryTaskByClassificationNameAccTest
[INFO] Tests run: 8, Failures: 0, Errors: 0, Skipped: 0, Time elapsed: 0.137 s - in acceptance.task.QueryTaskByClassificationNameAccTest
[INFO] Running acceptance.task.QueryTasksAccTest
[INFO] Tests run: 77, Failures: 0, Errors: 0, Skipped: 0, Time elapsed: 4.631 s - in acceptance.task.QueryTasksAccTest
[INFO] Running acceptance.task.QueryTasksByObjectReferenceAccTest
[INFO] Tests run: 3, Failures: 0, Errors: 0, Skipped: 0, Time elapsed: 0.059 s - in acceptance.task.QueryTasksByObjectReferenceAccTest
[INFO] Running acceptance.task.QueryTasksByTimeIntervalsAccTest
[INFO] Tests run: 8, Failures: 0, Errors: 0, Skipped: 0, Time elapsed: 0.078 s - in acceptance.task.QueryTasksByTimeIntervalsAccTest
[INFO] Running acceptance.task.QueryTasksByWorkbasketAccTest
[INFO] Tests run: 3, Failures: 0, Errors: 0, Skipped: 0, Time elapsed: 0.057 s - in acceptance.task.QueryTasksByWorkbasketAccTest
[INFO] Running acceptance.task.QueryTasksWithPaginationAccTest
[INFO] Tests run: 7, Failures: 0, Errors: 0, Skipped: 0, Time elapsed: 0.074 s - in acceptance.task.QueryTasksWithPaginationAccTest
[INFO] Running acceptance.task.QueryTasksWithSortingAccTest
[INFO] Tests run: 9, Failures: 0, Errors: 0, Skipped: 0, Time elapsed: 0.081 s - in acceptance.task.QueryTasksWithSortingAccTest
[INFO] Running acceptance.task.TransferTaskAccTest
[INFO] Tests run: 16, Failures: 0, Errors: 0, Skipped: 0, Time elapsed: 0.108 s - in acceptance.task.TransferTaskAccTest
[INFO] Running acceptance.task.UpdateTaskAccTest
[INFO] Tests run: 11, Failures: 0, Errors: 0, Skipped: 0, Time elapsed: 0.102 s - in acceptance.task.UpdateTaskAccTest
[INFO] Running acceptance.task.UpdateTaskAttachmentsAccTest
[INFO] Tests run: 13, Failures: 0, Errors: 0, Skipped: 0, Time elapsed: 0.144 s - in acceptance.task.UpdateTaskAttachmentsAccTest
[INFO] Running acceptance.task.WorkOnTaskAccTest
[INFO] Tests run: 13, Failures: 0, Errors: 0, Skipped: 0, Time elapsed: 0.096 s - in acceptance.task.WorkOnTaskAccTest
[INFO] Running acceptance.taskrouting.TaskRoutingAccTest
11:09:21.055 [main] ERROR pro.taskana.task.internal.TaskRoutingManager - No TaskRouter determined a workbasket for task TaskImpl [id=null, externalId=null, created=null, claimed=null, completed=null, modified=null, planned=null, due=null, name=null, creator=null, description=null, note=null, priority=0, state=null, classificationSummary=ClassificationSummaryImpl [id=null, key=L12010, category=null, type=null, domain=null, name=null, parentId=null, parentKey=null, priority=0, serviceLevel=null, custom1=null, custom2=null, custom3=null, custom4=null, custom5=null, custom6=null, custom7=null, custom8=null], workbasketSummary=WorkbasketSummaryImpl [id=null, key=null, name=null, description=null, owner=null, domain=null, type=null, custom1=null, custom2=null, custom3=null, custom4=null, orgLevel1=null, orgLevel2=null, orgLevel3=null, orgLevel4=null, markedForDeletion=false], businessProcessId=null, parentBusinessProcessId=null, owner=null, primaryObjRef=ObjectReference [id=null, company=COMPANY_A, system=SYSTEM_A, systemInstance=INSTANCE_A, type=VNR, value=1234567], isRead=false, isTransferred=false, customAttributes={}, callbackInfo={}, callbackState=null, attachments=[], custom1=null, custom2=null, custom3=null, custom4=null, custom5=null, custom6=null, custom7=null, custom8=null, custom9=null, custom10=null, custom11=null, custom12=null, custom13=null, custom14=null, custom15=null, custom16=null].
11:09:21.056 [main] ERROR pro.taskana.task.internal.TaskRoutingManager - No TaskRouter determined a workbasket for task TaskImpl [id=null, externalId=null, created=null, claimed=null, completed=null, modified=null, planned=null, due=null, name=null, creator=null, description=null, note=null, priority=0, state=null, classificationSummary=ClassificationSummaryImpl [id=null, key=L10303, category=null, type=null, domain=null, name=null, parentId=null, parentKey=null, priority=0, serviceLevel=null, custom1=null, custom2=null, custom3=null, custom4=null, custom5=null, custom6=null, custom7=null, custom8=null], workbasketSummary=WorkbasketSummaryImpl [id=null, key=null, name=null, description=null, owner=null, domain=null, type=null, custom1=null, custom2=null, custom3=null, custom4=null, orgLevel1=null, orgLevel2=null, orgLevel3=null, orgLevel4=null, markedForDeletion=false], businessProcessId=null, parentBusinessProcessId=null, owner=null, primaryObjRef=ObjectReference [id=null, company=COMPANY_A, system=SYSTEM_A, systemInstance=INSTANCE_A, type=VNR, value=1234567], isRead=false, isTransferred=false, customAttributes={}, callbackInfo={}, callbackState=NONE, attachments=[], custom1=null, custom2=null, custom3=null, custom4=null, custom5=null, custom6=null, custom7=null, custom8=null, custom9=null, custom10=null, custom11=null, custom12=null, custom13=null, custom14=null, custom15=null, custom16=null].
11:09:21.057 [main] ERROR pro.taskana.task.internal.TaskRoutingManager - No TaskRouter determined a workbasket for task TaskImpl [id=null, externalId=null, created=null, claimed=null, completed=null, modified=null, planned=null, due=null, name=null, creator=null, description=null, note=null, priority=0, state=null, classificationSummary=ClassificationSummaryImpl [id=null, key=L10303, category=null, type=null, domain=null, name=null, parentId=null, parentKey=null, priority=0, serviceLevel=null, custom1=null, custom2=null, custom3=null, custom4=null, custom5=null, custom6=null, custom7=null, custom8=null], workbasketSummary=WorkbasketSummaryImpl [id=null, key=null, name=null, description=null, owner=null, domain=DOMAIN_C, type=null, custom1=null, custom2=null, custom3=null, custom4=null, orgLevel1=null, orgLevel2=null, orgLevel3=null, orgLevel4=null, markedForDeletion=false], businessProcessId=null, parentBusinessProcessId=null, owner=null, primaryObjRef=ObjectReference [id=null, company=COMPANY_A, system=SYSTEM_A, systemInstance=INSTANCE_A, type=VNR, value=1234567], isRead=false, isTransferred=false, customAttributes={}, callbackInfo={}, callbackState=NONE, attachments=[], custom1=null, custom2=null, custom3=null, custom4=null, custom5=null, custom6=null, custom7=null, custom8=null, custom9=null, custom10=null, custom11=null, custom12=null, custom13=null, custom14=null, custom15=null, custom16=null].
[INFO] Tests run: 2, Failures: 0, Errors: 0, Skipped: 0, Time elapsed: 0.057 s - in acceptance.taskrouting.TaskRoutingAccTest
[INFO] Running acceptance.workbasket.CreateWorkbasketAccTest
[INFO] Tests run: 8, Failures: 0, Errors: 0, Skipped: 0, Time elapsed: 0.062 s - in acceptance.workbasket.CreateWorkbasketAccTest
[INFO] Running acceptance.workbasket.DeleteWorkbasketAccTest
[INFO] Tests run: 9, Failures: 0, Errors: 0, Skipped: 0, Time elapsed: 0.067 s - in acceptance.workbasket.DeleteWorkbasketAccTest
[INFO] Running acceptance.workbasket.DistributionTargetsAccTest
[INFO] Tests run: 12, Failures: 0, Errors: 0, Skipped: 0, Time elapsed: 0.132 s - in acceptance.workbasket.DistributionTargetsAccTest
[INFO] Running acceptance.workbasket.GetWorkbasketAccTest
[INFO] Tests run: 10, Failures: 0, Errors: 0, Skipped: 0, Time elapsed: 0.082 s - in acceptance.workbasket.GetWorkbasketAccTest
[INFO] Running acceptance.workbasket.QueryWorkbasketAccessItemsAccTest
[INFO] Tests run: 11, Failures: 0, Errors: 0, Skipped: 0, Time elapsed: 0.063 s - in acceptance.workbasket.QueryWorkbasketAccessItemsAccTest
[INFO] Running acceptance.workbasket.QueryWorkbasketAccTest
[INFO] Tests run: 51, Failures: 0, Errors: 0, Skipped: 0, Time elapsed: 0.097 s - in acceptance.workbasket.QueryWorkbasketAccTest
[INFO] Running acceptance.workbasket.QueryWorkbasketByPermissionAccTest
[INFO] Tests run: 10, Failures: 0, Errors: 0, Skipped: 0, Time elapsed: 0.066 s - in acceptance.workbasket.QueryWorkbasketByPermissionAccTest
[INFO] Running acceptance.workbasket.QueryWorkbasketsWithPaginationAccTest
[INFO] Tests run: 7, Failures: 0, Errors: 0, Skipped: 0, Time elapsed: 0.061 s - in acceptance.workbasket.QueryWorkbasketsWithPaginationAccTest
[INFO] Running acceptance.workbasket.UpdateWorkbasketAccTest
[INFO] Tests run: 2, Failures: 0, Errors: 0, Skipped: 0, Time elapsed: 0.046 s - in acceptance.workbasket.UpdateWorkbasketAccTest
[INFO] Running acceptance.workbasket.UpdateWorkbasketAuthorizations2AccTest
[INFO] Tests run: 1, Failures: 0, Errors: 0, Skipped: 0, Time elapsed: 0.047 s - in acceptance.workbasket.UpdateWorkbasketAuthorizations2AccTest
[INFO] Running acceptance.workbasket.UpdateWorkbasketAuthorizationsAccTest
[INFO] Tests run: 8, Failures: 0, Errors: 0, Skipped: 0, Time elapsed: 0.064 s - in acceptance.workbasket.UpdateWorkbasketAuthorizationsAccTest
[INFO] Running acceptance.workbasket.WorkbasketQueryWithOrderedPaginationAccTest
[INFO] Tests run: 2, Failures: 0, Errors: 0, Skipped: 0, Time elapsed: 0.054 s - in acceptance.workbasket.WorkbasketQueryWithOrderedPaginationAccTest
[INFO] Running pro.taskana.ArchitectureTest
11:09:21.932 [main] INFO  com.tngtech.archunit.core.PluginLoader - Detected Java version 1.8.0_152
[ERROR] Tests run: 6, Failures: 1, Errors: 0, Skipped: 2, Time elapsed: 1.074 s <<< FAILURE! - in pro.taskana.ArchitectureTest
[ERROR] pro.taskana.ArchitectureTest.mapperShouldBePlacedInMappingsPackage  Time elapsed: 0.004 s  <<< FAILURE!
java.lang.AssertionError: 
Architecture Violation [Priority: MEDIUM] - Rule 'classes that have simple name ending with 'Mapper' should reside in a package '..mappings..'' was violated (13 times):
Class <pro.taskana.classification.internal.ClassificationMapper> does not reside in a package '..mappings..' in (ClassificationMapper.java:0)
Class <pro.taskana.classification.internal.ClassificationQueryMapper> does not reside in a package '..mappings..' in (ClassificationQueryMapper.java:0)
Class <pro.taskana.common.internal.JobMapper> does not reside in a package '..mappings..' in (JobMapper.java:0)
Class <pro.taskana.report.internal.TaskMonitorMapper> does not reside in a package '..mappings..' in (TaskMonitorMapper.java:0)
Class <pro.taskana.task.internal.AttachmentMapper> does not reside in a package '..mappings..' in (AttachmentMapper.java:0)
Class <pro.taskana.task.internal.ObjectReferenceMapper> does not reside in a package '..mappings..' in (ObjectReferenceMapper.java:0)
Class <pro.taskana.task.internal.TaskMapper> does not reside in a package '..mappings..' in (TaskMapper.java:0)
Class <pro.taskana.task.internal.TaskQueryMapper> does not reside in a package '..mappings..' in (TaskQueryMapper.java:0)
Class <pro.taskana.task.internal.TaskTestMapper> does not reside in a package '..mappings..' in (TaskTestMapper.java:0)
Class <pro.taskana.workbasket.internal.DistributionTargetMapper> does not reside in a package '..mappings..' in (DistributionTargetMapper.java:0)
Class <pro.taskana.workbasket.internal.WorkbasketAccessMapper> does not reside in a package '..mappings..' in (WorkbasketAccessMapper.java:0)
Class <pro.taskana.workbasket.internal.WorkbasketMapper> does not reside in a package '..mappings..' in (WorkbasketMapper.java:0)
Class <pro.taskana.workbasket.internal.WorkbasketQueryMapper> does not reside in a package '..mappings..' in (WorkbasketQueryMapper.java:0)
	at pro.taskana.ArchitectureTest.mapperShouldBePlacedInMappingsPackage(ArchitectureTest.java:38)

[INFO] Running pro.taskana.classification.internal.ClassificationQueryImplTest
[INFO] Tests run: 3, Failures: 0, Errors: 0, Skipped: 0, Time elapsed: 0.425 s - in pro.taskana.classification.internal.ClassificationQueryImplTest
[INFO] Running pro.taskana.classification.internal.ClassificationServiceImplIntAutoCommitTest
[INFO] Tests run: 5, Failures: 0, Errors: 0, Skipped: 0, Time elapsed: 0.268 s - in pro.taskana.classification.internal.ClassificationServiceImplIntAutoCommitTest
[INFO] Running pro.taskana.classification.internal.ClassificationServiceImplIntExplicitTest
11:09:23.765 [main] WARN  org.apache.ibatis.executor.BaseExecutor - Unexpected exception on closing transaction.  Cause: java.sql.SQLException: Error accessing PooledConnection. Connection is invalid.
11:09:23.818 [main] WARN  org.apache.ibatis.executor.BaseExecutor - Unexpected exception on closing transaction.  Cause: java.sql.SQLException: Error accessing PooledConnection. Connection is invalid.
11:09:23.871 [main] WARN  org.apache.ibatis.executor.BaseExecutor - Unexpected exception on closing transaction.  Cause: java.sql.SQLException: Error accessing PooledConnection. Connection is invalid.
11:09:23.923 [main] WARN  org.apache.ibatis.executor.BaseExecutor - Unexpected exception on closing transaction.  Cause: java.sql.SQLException: Error accessing PooledConnection. Connection is invalid.
11:09:23.975 [main] WARN  org.apache.ibatis.executor.BaseExecutor - Unexpected exception on closing transaction.  Cause: java.sql.SQLException: Error accessing PooledConnection. Connection is invalid.
11:09:24.054 [main] WARN  org.apache.ibatis.executor.BaseExecutor - Unexpected exception on closing transaction.  Cause: java.sql.SQLException: Error accessing PooledConnection. Connection is invalid.
[INFO] Tests run: 6, Failures: 0, Errors: 0, Skipped: 0, Time elapsed: 0.37 s - in pro.taskana.classification.internal.ClassificationServiceImplIntExplicitTest
[INFO] Running pro.taskana.classification.internal.ClassificationServiceImplTest
[INFO] Tests run: 2, Failures: 0, Errors: 0, Skipped: 0, Time elapsed: 0.162 s - in pro.taskana.classification.internal.ClassificationServiceImplTest
[INFO] Running pro.taskana.common.internal.TaskanaEngineTestConfigurationTest
[INFO] Tests run: 1, Failures: 0, Errors: 0, Skipped: 0, Time elapsed: 0.04 s - in pro.taskana.common.internal.TaskanaEngineTestConfigurationTest
[INFO] Running pro.taskana.PojoTest
11:09:24.847 [main] INFO  com.openpojo.log.LoggerFactory - Logging subsystem initialized to [com.openpojo.log.impl.SLF4JLogger]
11:09:25.444 [main] INFO  com.openpojo.validation.affirm.Affirmation - Dynamically setting affirmation implementation = [com.openpojo.validation.affirm.JavaAssertionAffirmation [@729c5e1b: ]]
[INFO] Tests run: 79, Failures: 0, Errors: 0, Skipped: 0, Time elapsed: 4.11 s - in pro.taskana.PojoTest
[INFO] Running pro.taskana.report.internal.CategoryReportBuilderImplTest
[INFO] Tests run: 6, Failures: 0, Errors: 0, Skipped: 0, Time elapsed: 0.087 s - in pro.taskana.report.internal.CategoryReportBuilderImplTest
[INFO] Running pro.taskana.report.internal.ClassificationReportBuilderImplTest
[INFO] Tests run: 8, Failures: 0, Errors: 0, Skipped: 0, Time elapsed: 0.023 s - in pro.taskana.report.internal.ClassificationReportBuilderImplTest
[INFO] Running pro.taskana.report.internal.CustomFieldValueReportBuilderImplTest
[INFO] Tests run: 3, Failures: 0, Errors: 0, Skipped: 0, Time elapsed: 0.01 s - in pro.taskana.report.internal.CustomFieldValueReportBuilderImplTest
[INFO] Running pro.taskana.report.internal.DaysToWorkingDaysConverterTest
[INFO] Tests run: 16, Failures: 0, Errors: 0, Skipped: 0, Time elapsed: 0.019 s - in pro.taskana.report.internal.DaysToWorkingDaysConverterTest
[INFO] Running pro.taskana.report.internal.ReportTest
[INFO] Tests run: 9, Failures: 0, Errors: 0, Skipped: 0, Time elapsed: 0.007 s - in pro.taskana.report.internal.ReportTest
[INFO] Running pro.taskana.sampledata.SampleDataGeneratorTest
[INFO] Tests run: 2, Failures: 0, Errors: 0, Skipped: 0, Time elapsed: 0.047 s - in pro.taskana.sampledata.SampleDataGeneratorTest
[INFO] Running pro.taskana.task.internal.ObjectReferenceQueryImplTest
[INFO] Tests run: 3, Failures: 0, Errors: 0, Skipped: 0, Time elapsed: 0.004 s - in pro.taskana.task.internal.ObjectReferenceQueryImplTest
[INFO] Running pro.taskana.task.internal.TaskAttachmentTest
[INFO] Tests run: 6, Failures: 0, Errors: 0, Skipped: 0, Time elapsed: 0.009 s - in pro.taskana.task.internal.TaskAttachmentTest
[INFO] Running pro.taskana.task.internal.TaskQueryImplTest
[INFO] Tests run: 3, Failures: 0, Errors: 0, Skipped: 0, Time elapsed: 0.05 s - in pro.taskana.task.internal.TaskQueryImplTest
[INFO] Running pro.taskana.task.internal.TaskServiceImplIntAutocommitTest
[INFO] Tests run: 7, Failures: 0, Errors: 0, Skipped: 0, Time elapsed: 0.626 s - in pro.taskana.task.internal.TaskServiceImplIntAutocommitTest
[INFO] Running pro.taskana.task.internal.TaskServiceImplIntExplicitTest
11:09:29.264 [main] INFO  pro.taskana.TaskanaEngineConfiguration - No datasource is provided. A inmemory db is used: 'org.h2.Driver', 'jdbc:h2:mem:taskana;IGNORECASE=TRUE;LOCK_MODE=0', 'sa', 'sa'
11:09:29.369 [main] WARN  org.apache.ibatis.executor.BaseExecutor - Unexpected exception on closing transaction.  Cause: java.sql.SQLException: Error accessing PooledConnection. Connection is invalid.
11:09:29.369 [main] INFO  pro.taskana.TaskanaEngineConfiguration - No datasource is provided. A inmemory db is used: 'org.h2.Driver', 'jdbc:h2:mem:taskana;IGNORECASE=TRUE;LOCK_MODE=0', 'sa', 'sa'
11:09:29.518 [main] WARN  org.apache.ibatis.executor.BaseExecutor - Unexpected exception on closing transaction.  Cause: java.sql.SQLException: Error accessing PooledConnection. Connection is invalid.
11:09:29.518 [main] INFO  pro.taskana.TaskanaEngineConfiguration - No datasource is provided. A inmemory db is used: 'org.h2.Driver', 'jdbc:h2:mem:taskana;IGNORECASE=TRUE;LOCK_MODE=0', 'sa', 'sa'
11:09:29.576 [main] WARN  org.apache.ibatis.executor.BaseExecutor - Unexpected exception on closing transaction.  Cause: java.sql.SQLException: Error accessing PooledConnection. Connection is invalid.
11:09:29.576 [main] INFO  pro.taskana.TaskanaEngineConfiguration - No datasource is provided. A inmemory db is used: 'org.h2.Driver', 'jdbc:h2:mem:taskana;IGNORECASE=TRUE;LOCK_MODE=0', 'sa', 'sa'
11:09:29.642 [main] WARN  org.apache.ibatis.executor.BaseExecutor - Unexpected exception on closing transaction.  Cause: java.sql.SQLException: Error accessing PooledConnection. Connection is invalid.
11:09:29.643 [main] INFO  pro.taskana.TaskanaEngineConfiguration - No datasource is provided. A inmemory db is used: 'org.h2.Driver', 'jdbc:h2:mem:taskana;IGNORECASE=TRUE;LOCK_MODE=0', 'sa', 'sa'
11:09:29.750 [main] WARN  org.apache.ibatis.executor.BaseExecutor - Unexpected exception on closing transaction.  Cause: java.sql.SQLException: Error accessing PooledConnection. Connection is invalid.
11:09:29.750 [main] INFO  pro.taskana.TaskanaEngineConfiguration - No datasource is provided. A inmemory db is used: 'org.h2.Driver', 'jdbc:h2:mem:taskana;IGNORECASE=TRUE;LOCK_MODE=0', 'sa', 'sa'
11:09:29.817 [main] WARN  org.apache.ibatis.executor.BaseExecutor - Unexpected exception on closing transaction.  Cause: java.sql.SQLException: Error accessing PooledConnection. Connection is invalid.
11:09:29.818 [main] INFO  pro.taskana.TaskanaEngineConfiguration - No datasource is provided. A inmemory db is used: 'org.h2.Driver', 'jdbc:h2:mem:taskana;IGNORECASE=TRUE;LOCK_MODE=0', 'sa', 'sa'
11:09:29.942 [main] INFO  pro.taskana.TaskanaEngineConfiguration - No datasource is provided. A inmemory db is used: 'org.h2.Driver', 'jdbc:h2:mem:taskana;IGNORECASE=TRUE;LOCK_MODE=0', 'sa', 'sa'
[INFO] Tests run: 8, Failures: 0, Errors: 0, Skipped: 0, Time elapsed: 0.733 s - in pro.taskana.task.internal.TaskServiceImplIntExplicitTest
[INFO] Running pro.taskana.task.internal.TaskServiceImplTest
[INFO] Tests run: 1, Failures: 0, Errors: 0, Skipped: 0, Time elapsed: 0.065 s - in pro.taskana.task.internal.TaskServiceImplTest
[INFO] Running pro.taskana.task.internal.TaskStatusReportBuilderImplTest
[INFO] Tests run: 2, Failures: 0, Errors: 0, Skipped: 0, Time elapsed: 0.009 s - in pro.taskana.task.internal.TaskStatusReportBuilderImplTest
[INFO] Running pro.taskana.task.internal.TaskTransferrerTest
[INFO] Tests run: 1, Failures: 0, Errors: 0, Skipped: 0, Time elapsed: 0.016 s - in pro.taskana.task.internal.TaskTransferrerTest
[INFO] Running pro.taskana.workbasket.internal.WorkbasketAccessItemQueryImplTest
[INFO] Tests run: 3, Failures: 0, Errors: 0, Skipped: 0, Time elapsed: 0.004 s - in pro.taskana.workbasket.internal.WorkbasketAccessItemQueryImplTest
[INFO] Running pro.taskana.workbasket.internal.WorkbasketQueryImplTest
[INFO] Tests run: 3, Failures: 0, Errors: 0, Skipped: 0, Time elapsed: 0.005 s - in pro.taskana.workbasket.internal.WorkbasketQueryImplTest
[INFO] Running pro.taskana.workbasket.internal.WorkbasketReportBuilderImplTest
[INFO] Tests run: 7, Failures: 0, Errors: 0, Skipped: 0, Time elapsed: 0.016 s - in pro.taskana.workbasket.internal.WorkbasketReportBuilderImplTest
[INFO] Running pro.taskana.workbasket.internal.WorkbasketServiceImplIntAutocommitTest
[INFO] Tests run: 4, Failures: 0, Errors: 0, Skipped: 0, Time elapsed: 0.383 s - in pro.taskana.workbasket.internal.WorkbasketServiceImplIntAutocommitTest
[INFO] Running pro.taskana.workbasket.internal.WorkbasketServiceImplIntExplicitTest
11:09:30.559 [main] WARN  org.apache.ibatis.executor.BaseExecutor - Unexpected exception on closing transaction.  Cause: java.sql.SQLException: Error accessing PooledConnection. Connection is invalid.
11:09:30.613 [main] WARN  org.apache.ibatis.executor.BaseExecutor - Unexpected exception on closing transaction.  Cause: java.sql.SQLException: Error accessing PooledConnection. Connection is invalid.
11:09:30.863 [main] WARN  org.apache.ibatis.executor.BaseExecutor - Unexpected exception on closing transaction.  Cause: java.sql.SQLException: Error accessing PooledConnection. Connection is invalid.
[INFO] Tests run: 3, Failures: 0, Errors: 0, Skipped: 0, Time elapsed: 0.362 s - in pro.taskana.workbasket.internal.WorkbasketServiceImplIntExplicitTest
[INFO] Running pro.taskana.workbasket.internal.WorkbasketServiceImplTest
[INFO] Tests run: 4, Failures: 0, Errors: 0, Skipped: 0, Time elapsed: 0.117 s - in pro.taskana.workbasket.internal.WorkbasketServiceImplTest
[INFO] 
[INFO] Results:
[INFO] 
[ERROR] Failures: 
[ERROR]   CallbackStateAccTest.testUpdateOfCallbackState:148 expected: <pro.taskana.exceptions.InvalidStateException> but was: <pro.taskana.common.api.exceptions.InvalidStateException>
[ERROR]   ArchitectureTest.mapperShouldBePlacedInMappingsPackage:38 Architecture Violation [Priority: MEDIUM] - Rule 'classes that have simple name ending with 'Mapper' should reside in a package '..mappings..'' was violated (13 times):
Class <pro.taskana.classification.internal.ClassificationMapper> does not reside in a package '..mappings..' in (ClassificationMapper.java:0)
Class <pro.taskana.classification.internal.ClassificationQueryMapper> does not reside in a package '..mappings..' in (ClassificationQueryMapper.java:0)
Class <pro.taskana.common.internal.JobMapper> does not reside in a package '..mappings..' in (JobMapper.java:0)
Class <pro.taskana.report.internal.TaskMonitorMapper> does not reside in a package '..mappings..' in (TaskMonitorMapper.java:0)
Class <pro.taskana.task.internal.AttachmentMapper> does not reside in a package '..mappings..' in (AttachmentMapper.java:0)
Class <pro.taskana.task.internal.ObjectReferenceMapper> does not reside in a package '..mappings..' in (ObjectReferenceMapper.java:0)
Class <pro.taskana.task.internal.TaskMapper> does not reside in a package '..mappings..' in (TaskMapper.java:0)
Class <pro.taskana.task.internal.TaskQueryMapper> does not reside in a package '..mappings..' in (TaskQueryMapper.java:0)
Class <pro.taskana.task.internal.TaskTestMapper> does not reside in a package '..mappings..' in (TaskTestMapper.java:0)
Class <pro.taskana.workbasket.internal.DistributionTargetMapper> does not reside in a package '..mappings..' in (DistributionTargetMapper.java:0)
Class <pro.taskana.workbasket.internal.WorkbasketAccessMapper> does not reside in a package '..mappings..' in (WorkbasketAccessMapper.java:0)
Class <pro.taskana.workbasket.internal.WorkbasketMapper> does not reside in a package '..mappings..' in (WorkbasketMapper.java:0)
Class <pro.taskana.workbasket.internal.WorkbasketQueryMapper> does not reside in a package '..mappings..' in (WorkbasketQueryMapper.java:0)
[INFO] 
[ERROR] Tests run: 791, Failures: 2, Errors: 0, Skipped: 2
[INFO] 
[INFO] ------------------------------------------------------------------------
[INFO] BUILD FAILURE
[INFO] ------------------------------------------------------------------------
[INFO] Total time: 39.959 s
[INFO] Finished at: 2020-01-31T11:09:31+01:00
[INFO] Final Memory: 35M/784M
[INFO] ------------------------------------------------------------------------
[ERROR] Failed to execute goal org.apache.maven.plugins:maven-surefire-plugin:3.0.0-M4:test (default-test) on project taskana-core: There are test failures.
[ERROR] 
[ERROR] Please refer to C:\intellijProjects\lib\taskana-core\target\surefire-reports for the individual test results.
[ERROR] Please refer to dump files (if any exist) [date].dump, [date]-jvmRun[N].dump and [date].dumpstream.
[ERROR] -> [Help 1]
[ERROR] 
[ERROR] To see the full stack trace of the errors, re-run Maven with the -e switch.
[ERROR] Re-run Maven using the -X switch to enable full debug logging.
[ERROR] 
[ERROR] For more information about the errors and possible solutions, please read the following articles:
[ERROR] [Help 1] http://cwiki.apache.org/confluence/display/MAVEN/MojoFailureException
